[2017-06-02 00:03:12] production.ERROR: exception 'ReflectionException' with message 'Class App\Http\Controllers\Requests\ImageSizeRequest does not exist' in D:\xampp_5.6\htdocs\otw\vendor\laravel\framework\src\Illuminate\Routing\RouteDependencyResolverTrait.php:81
Stack trace:
#0 D:\xampp_5.6\htdocs\otw\vendor\laravel\framework\src\Illuminate\Routing\RouteDependencyResolverTrait.php(81): ReflectionParameter->getClass()
#1 D:\xampp_5.6\htdocs\otw\vendor\laravel\framework\src\Illuminate\Routing\RouteDependencyResolverTrait.php(61): Illuminate\Routing\ControllerDispatcher->transformDependency(Object(ReflectionParameter), Array, Array)
#2 D:\xampp_5.6\htdocs\otw\vendor\laravel\framework\src\Illuminate\Routing\RouteDependencyResolverTrait.php(44): Illuminate\Routing\ControllerDispatcher->resolveMethodDependencies(Array, Object(ReflectionMethod))
#3 D:\xampp_5.6\htdocs\otw\vendor\laravel\framework\src\Illuminate\Routing\ControllerDispatcher.php(162): Illuminate\Routing\ControllerDispatcher->resolveClassMethodDependencies(Array, Object(App\Http\Controllers\AdminPhotoFrameController), 'store')
#4 D:\xampp_5.6\htdocs\otw\vendor\laravel\framework\src\Illuminate\Routing\ControllerDispatcher.php(112): Illuminate\Routing\ControllerDispatcher->call(Object(App\Http\Controllers\AdminPhotoFrameController), Object(Illuminate\Routing\Route), 'store')
#5 [internal function]: Illuminate\Routing\ControllerDispatcher->Illuminate\Routing\{closure}(Object(Illuminate\Http\Request))
#6 D:\xampp_5.6\htdocs\otw\vendor\laravel\framework\src\Illuminate\Pipeline\Pipeline.php(139): call_user_func(Object(Closure), Object(Illuminate\Http\Request))
#7 [internal function]: Illuminate\Pipeline\Pipeline->Illuminate\Pipeline\{closure}(Object(Illuminate\Http\Request))
#8 D:\xampp_5.6\htdocs\otw\vendor\laravel\framework\src\Illuminate\Pipeline\Pipeline.php(103): call_user_func(Object(Closure), Object(Illuminate\Http\Request))
#9 D:\xampp_5.6\htdocs\otw\vendor\laravel\framework\src\Illuminate\Routing\ControllerDispatcher.php(114): Illuminate\Pipeline\Pipeline->then(Object(Closure))
#10 D:\xampp_5.6\htdocs\otw\vendor\laravel\framework\src\Illuminate\Routing\ControllerDispatcher.php(69): Illuminate\Routing\ControllerDispatcher->callWithinStack(Object(App\Http\Controllers\AdminPhotoFrameController), Object(Illuminate\Routing\Route), Object(Illuminate\Http\Request), 'store')
#11 D:\xampp_5.6\htdocs\otw\vendor\laravel\framework\src\Illuminate\Routing\Route.php(203): Illuminate\Routing\ControllerDispatcher->dispatch(Object(Illuminate\Routing\Route), Object(Illuminate\Http\Request), 'App\\Http\\Contro...', 'store')
#12 D:\xampp_5.6\htdocs\otw\vendor\laravel\framework\src\Illuminate\Routing\Route.php(134): Illuminate\Routing\Route->runWithCustomDispatcher(Object(Illuminate\Http\Request))
#13 D:\xampp_5.6\htdocs\otw\vendor\laravel\framework\src\Illuminate\Routing\Router.php(708): Illuminate\Routing\Route->run(Object(Illuminate\Http\Request))
#14 [internal function]: Illuminate\Routing\Router->Illuminate\Routing\{closure}(Object(Illuminate\Http\Request))
#15 D:\xampp_5.6\htdocs\otw\vendor\laravel\framework\src\Illuminate\Pipeline\Pipeline.php(139): call_user_func(Object(Closure), Object(Illuminate\Http\Request))
#16 D:\xampp_5.6\htdocs\otw\app\Http\Middleware\Authenticate.php(48): Illuminate\Pipeline\Pipeline->Illuminate\Pipeline\{closure}(Object(Illuminate\Http\Request))
#17 [internal function]: App\Http\Middleware\Authenticate->handle(Object(Illuminate\Http\Request), Object(Closure))
#18 D:\xampp_5.6\htdocs\otw\vendor\laravel\framework\src\Illuminate\Pipeline\Pipeline.php(124): call_user_func_array(Array, Array)
#19 [internal function]: Illuminate\Pipeline\Pipeline->Illuminate\Pipeline\{closure}(Object(Illuminate\Http\Request))
#20 D:\xampp_5.6\htdocs\otw\vendor\laravel\framework\src\Illuminate\Pipeline\Pipeline.php(103): call_user_func(Object(Closure), Object(Illuminate\Http\Request))
#21 D:\xampp_5.6\htdocs\otw\vendor\laravel\framework\src\Illuminate\Routing\Router.php(710): Illuminate\Pipeline\Pipeline->then(Object(Closure))
#22 D:\xampp_5.6\htdocs\otw\vendor\laravel\framework\src\Illuminate\Routing\Router.php(675): Illuminate\Routing\Router->runRouteWithinStack(Object(Illuminate\Routing\Route), Object(Illuminate\Http\Request))
#23 D:\xampp_5.6\htdocs\otw\vendor\laravel\framework\src\Illuminate\Routing\Router.php(635): Illuminate\Routing\Router->dispatchToRoute(Object(Illuminate\Http\Request))
#24 D:\xampp_5.6\htdocs\otw\vendor\laravel\framework\src\Illuminate\Foundation\Http\Kernel.php(236): Illuminate\Routing\Router->dispatch(Object(Illuminate\Http\Request))
#25 [internal function]: Illuminate\Foundation\Http\Kernel->Illuminate\Foundation\Http\{closure}(Object(Illuminate\Http\Request))
#26 D:\xampp_5.6\htdocs\otw\vendor\laravel\framework\src\Illuminate\Pipeline\Pipeline.php(139): call_user_func(Object(Closure), Object(Illuminate\Http\Request))
#27 D:\xampp_5.6\htdocs\otw\vendor\laravel\framework\src\Illuminate\Foundation\Http\Middleware\VerifyCsrfToken.php(50): Illuminate\Pipeline\Pipeline->Illuminate\Pipeline\{closure}(Object(Illuminate\Http\Request))
#28 [internal function]: Illuminate\Foundation\Http\Middleware\VerifyCsrfToken->handle(Object(Illuminate\Http\Request), Object(Closure))
#29 D:\xampp_5.6\htdocs\otw\vendor\laravel\framework\src\Illuminate\Pipeline\Pipeline.php(124): call_user_func_array(Array, Array)
#30 D:\xampp_5.6\htdocs\otw\vendor\laravel\framework\src\Illuminate\View\Middleware\ShareErrorsFromSession.php(49): Illuminate\Pipeline\Pipeline->Illuminate\Pipeline\{closure}(Object(Illuminate\Http\Request))
#31 [internal function]: Illuminate\View\Middleware\ShareErrorsFromSession->handle(Object(Illuminate\Http\Request), Object(Closure))
#32 D:\xampp_5.6\htdocs\otw\vendor\laravel\framework\src\Illuminate\Pipeline\Pipeline.php(124): call_user_func_array(Array, Array)
#33 D:\xampp_5.6\htdocs\otw\vendor\laravel\framework\src\Illuminate\Session\Middleware\StartSession.php(62): Illuminate\Pipeline\Pipeline->Illuminate\Pipeline\{closure}(Object(Illuminate\Http\Request))
#34 [internal function]: Illuminate\Session\Middleware\StartSession->handle(Object(Illuminate\Http\Request), Object(Closure))
#35 D:\xampp_5.6\htdocs\otw\vendor\laravel\framework\src\Illuminate\Pipeline\Pipeline.php(124): call_user_func_array(Array, Array)
#36 D:\xampp_5.6\htdocs\otw\vendor\laravel\framework\src\Illuminate\Cookie\Middleware\AddQueuedCookiesToResponse.php(37): Illuminate\Pipeline\Pipeline->Illuminate\Pipeline\{closure}(Object(Illuminate\Http\Request))
#37 [internal function]: Illuminate\Cookie\Middleware\AddQueuedCookiesToResponse->handle(Object(Illuminate\Http\Request), Object(Closure))
#38 D:\xampp_5.6\htdocs\otw\vendor\laravel\framework\src\Illuminate\Pipeline\Pipeline.php(124): call_user_func_array(Array, Array)
#39 D:\xampp_5.6\htdocs\otw\vendor\laravel\framework\src\Illuminate\Cookie\Middleware\EncryptCookies.php(59): Illuminate\Pipeline\Pipeline->Illuminate\Pipeline\{closure}(Object(Illuminate\Http\Request))
#40 [internal function]: Illuminate\Cookie\Middleware\EncryptCookies->handle(Object(Illuminate\Http\Request), Object(Closure))
#41 D:\xampp_5.6\htdocs\otw\vendor\laravel\framework\src\Illuminate\Pipeline\Pipeline.php(124): call_user_func_array(Array, Array)
#42 D:\xampp_5.6\htdocs\otw\vendor\laravel\framework\src\Illuminate\Foundation\Http\Middleware\CheckForMaintenanceMode.php(44): Illuminate\Pipeline\Pipeline->Illuminate\Pipeline\{closure}(Object(Illuminate\Http\Request))
#43 [internal function]: Illuminate\Foundation\Http\Middleware\CheckForMaintenanceMode->handle(Object(Illuminate\Http\Request), Object(Closure))
#44 D:\xampp_5.6\htdocs\otw\vendor\laravel\framework\src\Illuminate\Pipeline\Pipeline.php(124): call_user_func_array(Array, Array)
#45 [internal function]: Illuminate\Pipeline\Pipeline->Illuminate\Pipeline\{closure}(Object(Illuminate\Http\Request))
#46 D:\xampp_5.6\htdocs\otw\vendor\laravel\framework\src\Illuminate\Pipeline\Pipeline.php(103): call_user_func(Object(Closure), Object(Illuminate\Http\Request))
#47 D:\xampp_5.6\htdocs\otw\vendor\laravel\framework\src\Illuminate\Foundation\Http\Kernel.php(122): Illuminate\Pipeline\Pipeline->then(Object(Closure))
#48 D:\xampp_5.6\htdocs\otw\vendor\laravel\framework\src\Illuminate\Foundation\Http\Kernel.php(87): Illuminate\Foundation\Http\Kernel->sendRequestThroughRouter(Object(Illuminate\Http\Request))
#49 D:\xampp_5.6\htdocs\otw\public\index.php(54): Illuminate\Foundation\Http\Kernel->handle(Object(Illuminate\Http\Request))
#50 {main}  
[2017-06-02 00:03:43] production.ERROR: exception 'ReflectionException' with message 'Class App\Http\Controllers\Requests\ImageSizeRequest does not exist' in D:\xampp_5.6\htdocs\otw\vendor\laravel\framework\src\Illuminate\Routing\RouteDependencyResolverTrait.php:81
Stack trace:
#0 D:\xampp_5.6\htdocs\otw\vendor\laravel\framework\src\Illuminate\Routing\RouteDependencyResolverTrait.php(81): ReflectionParameter->getClass()
#1 D:\xampp_5.6\htdocs\otw\vendor\laravel\framework\src\Illuminate\Routing\RouteDependencyResolverTrait.php(61): Illuminate\Routing\ControllerDispatcher->transformDependency(Object(ReflectionParameter), Array, Array)
#2 D:\xampp_5.6\htdocs\otw\vendor\laravel\framework\src\Illuminate\Routing\RouteDependencyResolverTrait.php(44): Illuminate\Routing\ControllerDispatcher->resolveMethodDependencies(Array, Object(ReflectionMethod))
#3 D:\xampp_5.6\htdocs\otw\vendor\laravel\framework\src\Illuminate\Routing\ControllerDispatcher.php(162): Illuminate\Routing\ControllerDispatcher->resolveClassMethodDependencies(Array, Object(App\Http\Controllers\AdminPhotoFrameController), 'store')
#4 D:\xampp_5.6\htdocs\otw\vendor\laravel\framework\src\Illuminate\Routing\ControllerDispatcher.php(112): Illuminate\Routing\ControllerDispatcher->call(Object(App\Http\Controllers\AdminPhotoFrameController), Object(Illuminate\Routing\Route), 'store')
#5 [internal function]: Illuminate\Routing\ControllerDispatcher->Illuminate\Routing\{closure}(Object(Illuminate\Http\Request))
#6 D:\xampp_5.6\htdocs\otw\vendor\laravel\framework\src\Illuminate\Pipeline\Pipeline.php(139): call_user_func(Object(Closure), Object(Illuminate\Http\Request))
#7 [internal function]: Illuminate\Pipeline\Pipeline->Illuminate\Pipeline\{closure}(Object(Illuminate\Http\Request))
#8 D:\xampp_5.6\htdocs\otw\vendor\laravel\framework\src\Illuminate\Pipeline\Pipeline.php(103): call_user_func(Object(Closure), Object(Illuminate\Http\Request))
#9 D:\xampp_5.6\htdocs\otw\vendor\laravel\framework\src\Illuminate\Routing\ControllerDispatcher.php(114): Illuminate\Pipeline\Pipeline->then(Object(Closure))
#10 D:\xampp_5.6\htdocs\otw\vendor\laravel\framework\src\Illuminate\Routing\ControllerDispatcher.php(69): Illuminate\Routing\ControllerDispatcher->callWithinStack(Object(App\Http\Controllers\AdminPhotoFrameController), Object(Illuminate\Routing\Route), Object(Illuminate\Http\Request), 'store')
#11 D:\xampp_5.6\htdocs\otw\vendor\laravel\framework\src\Illuminate\Routing\Route.php(203): Illuminate\Routing\ControllerDispatcher->dispatch(Object(Illuminate\Routing\Route), Object(Illuminate\Http\Request), 'App\\Http\\Contro...', 'store')
#12 D:\xampp_5.6\htdocs\otw\vendor\laravel\framework\src\Illuminate\Routing\Route.php(134): Illuminate\Routing\Route->runWithCustomDispatcher(Object(Illuminate\Http\Request))
#13 D:\xampp_5.6\htdocs\otw\vendor\laravel\framework\src\Illuminate\Routing\Router.php(708): Illuminate\Routing\Route->run(Object(Illuminate\Http\Request))
#14 [internal function]: Illuminate\Routing\Router->Illuminate\Routing\{closure}(Object(Illuminate\Http\Request))
#15 D:\xampp_5.6\htdocs\otw\vendor\laravel\framework\src\Illuminate\Pipeline\Pipeline.php(139): call_user_func(Object(Closure), Object(Illuminate\Http\Request))
#16 D:\xampp_5.6\htdocs\otw\app\Http\Middleware\Authenticate.php(48): Illuminate\Pipeline\Pipeline->Illuminate\Pipeline\{closure}(Object(Illuminate\Http\Request))
#17 [internal function]: App\Http\Middleware\Authenticate->handle(Object(Illuminate\Http\Request), Object(Closure))
#18 D:\xampp_5.6\htdocs\otw\vendor\laravel\framework\src\Illuminate\Pipeline\Pipeline.php(124): call_user_func_array(Array, Array)
#19 [internal function]: Illuminate\Pipeline\Pipeline->Illuminate\Pipeline\{closure}(Object(Illuminate\Http\Request))
#20 D:\xampp_5.6\htdocs\otw\vendor\laravel\framework\src\Illuminate\Pipeline\Pipeline.php(103): call_user_func(Object(Closure), Object(Illuminate\Http\Request))
#21 D:\xampp_5.6\htdocs\otw\vendor\laravel\framework\src\Illuminate\Routing\Router.php(710): Illuminate\Pipeline\Pipeline->then(Object(Closure))
#22 D:\xampp_5.6\htdocs\otw\vendor\laravel\framework\src\Illuminate\Routing\Router.php(675): Illuminate\Routing\Router->runRouteWithinStack(Object(Illuminate\Routing\Route), Object(Illuminate\Http\Request))
#23 D:\xampp_5.6\htdocs\otw\vendor\laravel\framework\src\Illuminate\Routing\Router.php(635): Illuminate\Routing\Router->dispatchToRoute(Object(Illuminate\Http\Request))
#24 D:\xampp_5.6\htdocs\otw\vendor\laravel\framework\src\Illuminate\Foundation\Http\Kernel.php(236): Illuminate\Routing\Router->dispatch(Object(Illuminate\Http\Request))
#25 [internal function]: Illuminate\Foundation\Http\Kernel->Illuminate\Foundation\Http\{closure}(Object(Illuminate\Http\Request))
#26 D:\xampp_5.6\htdocs\otw\vendor\laravel\framework\src\Illuminate\Pipeline\Pipeline.php(139): call_user_func(Object(Closure), Object(Illuminate\Http\Request))
#27 D:\xampp_5.6\htdocs\otw\vendor\laravel\framework\src\Illuminate\Foundation\Http\Middleware\VerifyCsrfToken.php(50): Illuminate\Pipeline\Pipeline->Illuminate\Pipeline\{closure}(Object(Illuminate\Http\Request))
#28 [internal function]: Illuminate\Foundation\Http\Middleware\VerifyCsrfToken->handle(Object(Illuminate\Http\Request), Object(Closure))
#29 D:\xampp_5.6\htdocs\otw\vendor\laravel\framework\src\Illuminate\Pipeline\Pipeline.php(124): call_user_func_array(Array, Array)
#30 D:\xampp_5.6\htdocs\otw\vendor\laravel\framework\src\Illuminate\View\Middleware\ShareErrorsFromSession.php(49): Illuminate\Pipeline\Pipeline->Illuminate\Pipeline\{closure}(Object(Illuminate\Http\Request))
#31 [internal function]: Illuminate\View\Middleware\ShareErrorsFromSession->handle(Object(Illuminate\Http\Request), Object(Closure))
#32 D:\xampp_5.6\htdocs\otw\vendor\laravel\framework\src\Illuminate\Pipeline\Pipeline.php(124): call_user_func_array(Array, Array)
#33 D:\xampp_5.6\htdocs\otw\vendor\laravel\framework\src\Illuminate\Session\Middleware\StartSession.php(62): Illuminate\Pipeline\Pipeline->Illuminate\Pipeline\{closure}(Object(Illuminate\Http\Request))
#34 [internal function]: Illuminate\Session\Middleware\StartSession->handle(Object(Illuminate\Http\Request), Object(Closure))
#35 D:\xampp_5.6\htdocs\otw\vendor\laravel\framework\src\Illuminate\Pipeline\Pipeline.php(124): call_user_func_array(Array, Array)
#36 D:\xampp_5.6\htdocs\otw\vendor\laravel\framework\src\Illuminate\Cookie\Middleware\AddQueuedCookiesToResponse.php(37): Illuminate\Pipeline\Pipeline->Illuminate\Pipeline\{closure}(Object(Illuminate\Http\Request))
#37 [internal function]: Illuminate\Cookie\Middleware\AddQueuedCookiesToResponse->handle(Object(Illuminate\Http\Request), Object(Closure))
#38 D:\xampp_5.6\htdocs\otw\vendor\laravel\framework\src\Illuminate\Pipeline\Pipeline.php(124): call_user_func_array(Array, Array)
#39 D:\xampp_5.6\htdocs\otw\vendor\laravel\framework\src\Illuminate\Cookie\Middleware\EncryptCookies.php(59): Illuminate\Pipeline\Pipeline->Illuminate\Pipeline\{closure}(Object(Illuminate\Http\Request))
#40 [internal function]: Illuminate\Cookie\Middleware\EncryptCookies->handle(Object(Illuminate\Http\Request), Object(Closure))
#41 D:\xampp_5.6\htdocs\otw\vendor\laravel\framework\src\Illuminate\Pipeline\Pipeline.php(124): call_user_func_array(Array, Array)
#42 D:\xampp_5.6\htdocs\otw\vendor\laravel\framework\src\Illuminate\Foundation\Http\Middleware\CheckForMaintenanceMode.php(44): Illuminate\Pipeline\Pipeline->Illuminate\Pipeline\{closure}(Object(Illuminate\Http\Request))
#43 [internal function]: Illuminate\Foundation\Http\Middleware\CheckForMaintenanceMode->handle(Object(Illuminate\Http\Request), Object(Closure))
#44 D:\xampp_5.6\htdocs\otw\vendor\laravel\framework\src\Illuminate\Pipeline\Pipeline.php(124): call_user_func_array(Array, Array)
#45 [internal function]: Illuminate\Pipeline\Pipeline->Illuminate\Pipeline\{closure}(Object(Illuminate\Http\Request))
#46 D:\xampp_5.6\htdocs\otw\vendor\laravel\framework\src\Illuminate\Pipeline\Pipeline.php(103): call_user_func(Object(Closure), Object(Illuminate\Http\Request))
#47 D:\xampp_5.6\htdocs\otw\vendor\laravel\framework\src\Illuminate\Foundation\Http\Kernel.php(122): Illuminate\Pipeline\Pipeline->then(Object(Closure))
#48 D:\xampp_5.6\htdocs\otw\vendor\laravel\framework\src\Illuminate\Foundation\Http\Kernel.php(87): Illuminate\Foundation\Http\Kernel->sendRequestThroughRouter(Object(Illuminate\Http\Request))
#49 D:\xampp_5.6\htdocs\otw\public\index.php(54): Illuminate\Foundation\Http\Kernel->handle(Object(Illuminate\Http\Request))
#50 {main}  
[2017-06-02 00:36:35] production.ERROR: exception 'ErrorException' with message 'Trying to get property of non-object' in D:\xampp_5.6\htdocs\otw\app\modules\web\Controllers\ProductCategoryController.php:59
Stack trace:
#0 D:\xampp_5.6\htdocs\otw\app\modules\web\Controllers\ProductCategoryController.php(59): Illuminate\Foundation\Bootstrap\HandleExceptions->handleError(8, 'Trying to get p...', 'D:\\xampp_5.6\\ht...', 59, Array)
#1 [internal function]: App\Modules\Web\Controllers\ProductCategoryController->couple('admin_photo_fra...', 'show')
#2 D:\xampp_5.6\htdocs\otw\vendor\laravel\framework\src\Illuminate\Routing\Controller.php(256): call_user_func_array(Array, Array)
#3 D:\xampp_5.6\htdocs\otw\vendor\laravel\framework\src\Illuminate\Routing\ControllerDispatcher.php(164): Illuminate\Routing\Controller->callAction('couple', Array)
#4 D:\xampp_5.6\htdocs\otw\vendor\laravel\framework\src\Illuminate\Routing\ControllerDispatcher.php(112): Illuminate\Routing\ControllerDispatcher->call(Object(App\Modules\Web\Controllers\ProductCategoryController), Object(Illuminate\Routing\Route), 'couple')
#5 [internal function]: Illuminate\Routing\ControllerDispatcher->Illuminate\Routing\{closure}(Object(Illuminate\Http\Request))
#6 D:\xampp_5.6\htdocs\otw\vendor\laravel\framework\src\Illuminate\Pipeline\Pipeline.php(139): call_user_func(Object(Closure), Object(Illuminate\Http\Request))
#7 [internal function]: Illuminate\Pipeline\Pipeline->Illuminate\Pipeline\{closure}(Object(Illuminate\Http\Request))
#8 D:\xampp_5.6\htdocs\otw\vendor\laravel\framework\src\Illuminate\Pipeline\Pipeline.php(103): call_user_func(Object(Closure), Object(Illuminate\Http\Request))
#9 D:\xampp_5.6\htdocs\otw\vendor\laravel\framework\src\Illuminate\Routing\ControllerDispatcher.php(114): Illuminate\Pipeline\Pipeline->then(Object(Closure))
#10 D:\xampp_5.6\htdocs\otw\vendor\laravel\framework\src\Illuminate\Routing\ControllerDispatcher.php(69): Illuminate\Routing\ControllerDispatcher->callWithinStack(Object(App\Modules\Web\Controllers\ProductCategoryController), Object(Illuminate\Routing\Route), Object(Illuminate\Http\Request), 'couple')
#11 D:\xampp_5.6\htdocs\otw\vendor\laravel\framework\src\Illuminate\Routing\Route.php(203): Illuminate\Routing\ControllerDispatcher->dispatch(Object(Illuminate\Routing\Route), Object(Illuminate\Http\Request), 'App\\Modules\\Web...', 'couple')
#12 D:\xampp_5.6\htdocs\otw\vendor\laravel\framework\src\Illuminate\Routing\Route.php(134): Illuminate\Routing\Route->runWithCustomDispatcher(Object(Illuminate\Http\Request))
#13 D:\xampp_5.6\htdocs\otw\vendor\laravel\framework\src\Illuminate\Routing\Router.php(708): Illuminate\Routing\Route->run(Object(Illuminate\Http\Request))
#14 [internal function]: Illuminate\Routing\Router->Illuminate\Routing\{closure}(Object(Illuminate\Http\Request))
#15 D:\xampp_5.6\htdocs\otw\vendor\laravel\framework\src\Illuminate\Pipeline\Pipeline.php(139): call_user_func(Object(Closure), Object(Illuminate\Http\Request))
#16 [internal function]: Illuminate\Pipeline\Pipeline->Illuminate\Pipeline\{closure}(Object(Illuminate\Http\Request))
#17 D:\xampp_5.6\htdocs\otw\vendor\laravel\framework\src\Illuminate\Pipeline\Pipeline.php(103): call_user_func(Object(Closure), Object(Illuminate\Http\Request))
#18 D:\xampp_5.6\htdocs\otw\vendor\laravel\framework\src\Illuminate\Routing\Router.php(710): Illuminate\Pipeline\Pipeline->then(Object(Closure))
#19 D:\xampp_5.6\htdocs\otw\vendor\laravel\framework\src\Illuminate\Routing\Router.php(675): Illuminate\Routing\Router->runRouteWithinStack(Object(Illuminate\Routing\Route), Object(Illuminate\Http\Request))
#20 D:\xampp_5.6\htdocs\otw\vendor\laravel\framework\src\Illuminate\Routing\Router.php(635): Illuminate\Routing\Router->dispatchToRoute(Object(Illuminate\Http\Request))
#21 D:\xampp_5.6\htdocs\otw\vendor\laravel\framework\src\Illuminate\Foundation\Http\Kernel.php(236): Illuminate\Routing\Router->dispatch(Object(Illuminate\Http\Request))
#22 [internal function]: Illuminate\Foundation\Http\Kernel->Illuminate\Foundation\Http\{closure}(Object(Illuminate\Http\Request))
#23 D:\xampp_5.6\htdocs\otw\vendor\laravel\framework\src\Illuminate\Pipeline\Pipeline.php(139): call_user_func(Object(Closure), Object(Illuminate\Http\Request))
#24 D:\xampp_5.6\htdocs\otw\vendor\laravel\framework\src\Illuminate\Foundation\Http\Middleware\VerifyCsrfToken.php(50): Illuminate\Pipeline\Pipeline->Illuminate\Pipeline\{closure}(Object(Illuminate\Http\Request))
#25 [internal function]: Illuminate\Foundation\Http\Middleware\VerifyCsrfToken->handle(Object(Illuminate\Http\Request), Object(Closure))
#26 D:\xampp_5.6\htdocs\otw\vendor\laravel\framework\src\Illuminate\Pipeline\Pipeline.php(124): call_user_func_array(Array, Array)
#27 D:\xampp_5.6\htdocs\otw\vendor\laravel\framework\src\Illuminate\View\Middleware\ShareErrorsFromSession.php(49): Illuminate\Pipeline\Pipeline->Illuminate\Pipeline\{closure}(Object(Illuminate\Http\Request))
#28 [internal function]: Illuminate\View\Middleware\ShareErrorsFromSession->handle(Object(Illuminate\Http\Request), Object(Closure))
#29 D:\xampp_5.6\htdocs\otw\vendor\laravel\framework\src\Illuminate\Pipeline\Pipeline.php(124): call_user_func_array(Array, Array)
#30 D:\xampp_5.6\htdocs\otw\vendor\laravel\framework\src\Illuminate\Session\Middleware\StartSession.php(62): Illuminate\Pipeline\Pipeline->Illuminate\Pipeline\{closure}(Object(Illuminate\Http\Request))
#31 [internal function]: Illuminate\Session\Middleware\StartSession->handle(Object(Illuminate\Http\Request), Object(Closure))
#32 D:\xampp_5.6\htdocs\otw\vendor\laravel\framework\src\Illuminate\Pipeline\Pipeline.php(124): call_user_func_array(Array, Array)
#33 D:\xampp_5.6\htdocs\otw\vendor\laravel\framework\src\Illuminate\Cookie\Middleware\AddQueuedCookiesToResponse.php(37): Illuminate\Pipeline\Pipeline->Illuminate\Pipeline\{closure}(Object(Illuminate\Http\Request))
#34 [internal function]: Illuminate\Cookie\Middleware\AddQueuedCookiesToResponse->handle(Object(Illuminate\Http\Request), Object(Closure))
#35 D:\xampp_5.6\htdocs\otw\vendor\laravel\framework\src\Illuminate\Pipeline\Pipeline.php(124): call_user_func_array(Array, Array)
#36 D:\xampp_5.6\htdocs\otw\vendor\laravel\framework\src\Illuminate\Cookie\Middleware\EncryptCookies.php(59): Illuminate\Pipeline\Pipeline->Illuminate\Pipeline\{closure}(Object(Illuminate\Http\Request))
#37 [internal function]: Illuminate\Cookie\Middleware\EncryptCookies->handle(Object(Illuminate\Http\Request), Object(Closure))
#38 D:\xampp_5.6\htdocs\otw\vendor\laravel\framework\src\Illuminate\Pipeline\Pipeline.php(124): call_user_func_array(Array, Array)
#39 D:\xampp_5.6\htdocs\otw\vendor\laravel\framework\src\Illuminate\Foundation\Http\Middleware\CheckForMaintenanceMode.php(44): Illuminate\Pipeline\Pipeline->Illuminate\Pipeline\{closure}(Object(Illuminate\Http\Request))
#40 [internal function]: Illuminate\Foundation\Http\Middleware\CheckForMaintenanceMode->handle(Object(Illuminate\Http\Request), Object(Closure))
#41 D:\xampp_5.6\htdocs\otw\vendor\laravel\framework\src\Illuminate\Pipeline\Pipeline.php(124): call_user_func_array(Array, Array)
#42 [internal function]: Illuminate\Pipeline\Pipeline->Illuminate\Pipeline\{closure}(Object(Illuminate\Http\Request))
#43 D:\xampp_5.6\htdocs\otw\vendor\laravel\framework\src\Illuminate\Pipeline\Pipeline.php(103): call_user_func(Object(Closure), Object(Illuminate\Http\Request))
#44 D:\xampp_5.6\htdocs\otw\vendor\laravel\framework\src\Illuminate\Foundation\Http\Kernel.php(122): Illuminate\Pipeline\Pipeline->then(Object(Closure))
#45 D:\xampp_5.6\htdocs\otw\vendor\laravel\framework\src\Illuminate\Foundation\Http\Kernel.php(87): Illuminate\Foundation\Http\Kernel->sendRequestThroughRouter(Object(Illuminate\Http\Request))
#46 D:\xampp_5.6\htdocs\otw\public\index.php(54): Illuminate\Foundation\Http\Kernel->handle(Object(Illuminate\Http\Request))
#47 {main}  
[2017-06-02 00:49:05] production.ERROR: exception 'ErrorException' with message 'Trying to get property of non-object' in D:\xampp_5.6\htdocs\otw\app\modules\web\Controllers\ProductCategoryController.php:59
Stack trace:
#0 D:\xampp_5.6\htdocs\otw\app\modules\web\Controllers\ProductCategoryController.php(59): Illuminate\Foundation\Bootstrap\HandleExceptions->handleError(8, 'Trying to get p...', 'D:\\xampp_5.6\\ht...', 59, Array)
#1 [internal function]: App\Modules\Web\Controllers\ProductCategoryController->couple('admin_photo_fra...', 'update')
#2 D:\xampp_5.6\htdocs\otw\vendor\laravel\framework\src\Illuminate\Routing\Controller.php(256): call_user_func_array(Array, Array)
#3 D:\xampp_5.6\htdocs\otw\vendor\laravel\framework\src\Illuminate\Routing\ControllerDispatcher.php(164): Illuminate\Routing\Controller->callAction('couple', Array)
#4 D:\xampp_5.6\htdocs\otw\vendor\laravel\framework\src\Illuminate\Routing\ControllerDispatcher.php(112): Illuminate\Routing\ControllerDispatcher->call(Object(App\Modules\Web\Controllers\ProductCategoryController), Object(Illuminate\Routing\Route), 'couple')
#5 [internal function]: Illuminate\Routing\ControllerDispatcher->Illuminate\Routing\{closure}(Object(Illuminate\Http\Request))
#6 D:\xampp_5.6\htdocs\otw\vendor\laravel\framework\src\Illuminate\Pipeline\Pipeline.php(139): call_user_func(Object(Closure), Object(Illuminate\Http\Request))
#7 [internal function]: Illuminate\Pipeline\Pipeline->Illuminate\Pipeline\{closure}(Object(Illuminate\Http\Request))
#8 D:\xampp_5.6\htdocs\otw\vendor\laravel\framework\src\Illuminate\Pipeline\Pipeline.php(103): call_user_func(Object(Closure), Object(Illuminate\Http\Request))
#9 D:\xampp_5.6\htdocs\otw\vendor\laravel\framework\src\Illuminate\Routing\ControllerDispatcher.php(114): Illuminate\Pipeline\Pipeline->then(Object(Closure))
#10 D:\xampp_5.6\htdocs\otw\vendor\laravel\framework\src\Illuminate\Routing\ControllerDispatcher.php(69): Illuminate\Routing\ControllerDispatcher->callWithinStack(Object(App\Modules\Web\Controllers\ProductCategoryController), Object(Illuminate\Routing\Route), Object(Illuminate\Http\Request), 'couple')
#11 D:\xampp_5.6\htdocs\otw\vendor\laravel\framework\src\Illuminate\Routing\Route.php(203): Illuminate\Routing\ControllerDispatcher->dispatch(Object(Illuminate\Routing\Route), Object(Illuminate\Http\Request), 'App\\Modules\\Web...', 'couple')
#12 D:\xampp_5.6\htdocs\otw\vendor\laravel\framework\src\Illuminate\Routing\Route.php(134): Illuminate\Routing\Route->runWithCustomDispatcher(Object(Illuminate\Http\Request))
#13 D:\xampp_5.6\htdocs\otw\vendor\laravel\framework\src\Illuminate\Routing\Router.php(708): Illuminate\Routing\Route->run(Object(Illuminate\Http\Request))
#14 [internal function]: Illuminate\Routing\Router->Illuminate\Routing\{closure}(Object(Illuminate\Http\Request))
#15 D:\xampp_5.6\htdocs\otw\vendor\laravel\framework\src\Illuminate\Pipeline\Pipeline.php(139): call_user_func(Object(Closure), Object(Illuminate\Http\Request))
#16 [internal function]: Illuminate\Pipeline\Pipeline->Illuminate\Pipeline\{closure}(Object(Illuminate\Http\Request))
#17 D:\xampp_5.6\htdocs\otw\vendor\laravel\framework\src\Illuminate\Pipeline\Pipeline.php(103): call_user_func(Object(Closure), Object(Illuminate\Http\Request))
#18 D:\xampp_5.6\htdocs\otw\vendor\laravel\framework\src\Illuminate\Routing\Router.php(710): Illuminate\Pipeline\Pipeline->then(Object(Closure))
#19 D:\xampp_5.6\htdocs\otw\vendor\laravel\framework\src\Illuminate\Routing\Router.php(675): Illuminate\Routing\Router->runRouteWithinStack(Object(Illuminate\Routing\Route), Object(Illuminate\Http\Request))
#20 D:\xampp_5.6\htdocs\otw\vendor\laravel\framework\src\Illuminate\Routing\Router.php(635): Illuminate\Routing\Router->dispatchToRoute(Object(Illuminate\Http\Request))
#21 D:\xampp_5.6\htdocs\otw\vendor\laravel\framework\src\Illuminate\Foundation\Http\Kernel.php(236): Illuminate\Routing\Router->dispatch(Object(Illuminate\Http\Request))
#22 [internal function]: Illuminate\Foundation\Http\Kernel->Illuminate\Foundation\Http\{closure}(Object(Illuminate\Http\Request))
#23 D:\xampp_5.6\htdocs\otw\vendor\laravel\framework\src\Illuminate\Pipeline\Pipeline.php(139): call_user_func(Object(Closure), Object(Illuminate\Http\Request))
#24 D:\xampp_5.6\htdocs\otw\vendor\laravel\framework\src\Illuminate\Foundation\Http\Middleware\VerifyCsrfToken.php(50): Illuminate\Pipeline\Pipeline->Illuminate\Pipeline\{closure}(Object(Illuminate\Http\Request))
#25 [internal function]: Illuminate\Foundation\Http\Middleware\VerifyCsrfToken->handle(Object(Illuminate\Http\Request), Object(Closure))
#26 D:\xampp_5.6\htdocs\otw\vendor\laravel\framework\src\Illuminate\Pipeline\Pipeline.php(124): call_user_func_array(Array, Array)
#27 D:\xampp_5.6\htdocs\otw\vendor\laravel\framework\src\Illuminate\View\Middleware\ShareErrorsFromSession.php(49): Illuminate\Pipeline\Pipeline->Illuminate\Pipeline\{closure}(Object(Illuminate\Http\Request))
#28 [internal function]: Illuminate\View\Middleware\ShareErrorsFromSession->handle(Object(Illuminate\Http\Request), Object(Closure))
#29 D:\xampp_5.6\htdocs\otw\vendor\laravel\framework\src\Illuminate\Pipeline\Pipeline.php(124): call_user_func_array(Array, Array)
#30 D:\xampp_5.6\htdocs\otw\vendor\laravel\framework\src\Illuminate\Session\Middleware\StartSession.php(62): Illuminate\Pipeline\Pipeline->Illuminate\Pipeline\{closure}(Object(Illuminate\Http\Request))
#31 [internal function]: Illuminate\Session\Middleware\StartSession->handle(Object(Illuminate\Http\Request), Object(Closure))
#32 D:\xampp_5.6\htdocs\otw\vendor\laravel\framework\src\Illuminate\Pipeline\Pipeline.php(124): call_user_func_array(Array, Array)
#33 D:\xampp_5.6\htdocs\otw\vendor\laravel\framework\src\Illuminate\Cookie\Middleware\AddQueuedCookiesToResponse.php(37): Illuminate\Pipeline\Pipeline->Illuminate\Pipeline\{closure}(Object(Illuminate\Http\Request))
#34 [internal function]: Illuminate\Cookie\Middleware\AddQueuedCookiesToResponse->handle(Object(Illuminate\Http\Request), Object(Closure))
#35 D:\xampp_5.6\htdocs\otw\vendor\laravel\framework\src\Illuminate\Pipeline\Pipeline.php(124): call_user_func_array(Array, Array)
#36 D:\xampp_5.6\htdocs\otw\vendor\laravel\framework\src\Illuminate\Cookie\Middleware\EncryptCookies.php(59): Illuminate\Pipeline\Pipeline->Illuminate\Pipeline\{closure}(Object(Illuminate\Http\Request))
#37 [internal function]: Illuminate\Cookie\Middleware\EncryptCookies->handle(Object(Illuminate\Http\Request), Object(Closure))
#38 D:\xampp_5.6\htdocs\otw\vendor\laravel\framework\src\Illuminate\Pipeline\Pipeline.php(124): call_user_func_array(Array, Array)
#39 D:\xampp_5.6\htdocs\otw\vendor\laravel\framework\src\Illuminate\Foundation\Http\Middleware\CheckForMaintenanceMode.php(44): Illuminate\Pipeline\Pipeline->Illuminate\Pipeline\{closure}(Object(Illuminate\Http\Request))
#40 [internal function]: Illuminate\Foundation\Http\Middleware\CheckForMaintenanceMode->handle(Object(Illuminate\Http\Request), Object(Closure))
#41 D:\xampp_5.6\htdocs\otw\vendor\laravel\framework\src\Illuminate\Pipeline\Pipeline.php(124): call_user_func_array(Array, Array)
#42 [internal function]: Illuminate\Pipeline\Pipeline->Illuminate\Pipeline\{closure}(Object(Illuminate\Http\Request))
#43 D:\xampp_5.6\htdocs\otw\vendor\laravel\framework\src\Illuminate\Pipeline\Pipeline.php(103): call_user_func(Object(Closure), Object(Illuminate\Http\Request))
#44 D:\xampp_5.6\htdocs\otw\vendor\laravel\framework\src\Illuminate\Foundation\Http\Kernel.php(122): Illuminate\Pipeline\Pipeline->then(Object(Closure))
#45 D:\xampp_5.6\htdocs\otw\vendor\laravel\framework\src\Illuminate\Foundation\Http\Kernel.php(87): Illuminate\Foundation\Http\Kernel->sendRequestThroughRouter(Object(Illuminate\Http\Request))
#46 D:\xampp_5.6\htdocs\otw\public\index.php(54): Illuminate\Foundation\Http\Kernel->handle(Object(Illuminate\Http\Request))
#47 {main}  
[2017-06-02 00:58:04] production.ERROR: exception 'ErrorException' with message 'Undefined variable: data' in D:\xampp_5.6\htdocs\otw\app\Http\Requests\ImageSizeRequest.php:28
Stack trace:
#0 D:\xampp_5.6\htdocs\otw\app\Http\Requests\ImageSizeRequest.php(28): Illuminate\Foundation\Bootstrap\HandleExceptions->handleError(8, 'Undefined varia...', 'D:\\xampp_5.6\\ht...', 28, Array)
#1 [internal function]: App\Http\Requests\ImageSizeRequest->rules()
#2 D:\xampp_5.6\htdocs\otw\vendor\laravel\framework\src\Illuminate\Container\Container.php(507): call_user_func_array(Array, Array)
#3 D:\xampp_5.6\htdocs\otw\vendor\laravel\framework\src\Illuminate\Foundation\Http\FormRequest.php(83): Illuminate\Container\Container->call(Array)
#4 D:\xampp_5.6\htdocs\otw\vendor\laravel\framework\src\Illuminate\Validation\ValidatesWhenResolvedTrait.php(20): Illuminate\Foundation\Http\FormRequest->getValidatorInstance()
#5 D:\xampp_5.6\htdocs\otw\vendor\laravel\framework\src\Illuminate\Validation\ValidationServiceProvider.php(32): Illuminate\Foundation\Http\FormRequest->validate()
#6 D:\xampp_5.6\htdocs\otw\vendor\laravel\framework\src\Illuminate\Container\Container.php(1024): Illuminate\Validation\ValidationServiceProvider->Illuminate\Validation\{closure}(Object(App\Http\Requests\ImageSizeRequest), Object(Illuminate\Foundation\Application))
#7 D:\xampp_5.6\htdocs\otw\vendor\laravel\framework\src\Illuminate\Container\Container.php(989): Illuminate\Container\Container->fireCallbackArray(Object(App\Http\Requests\ImageSizeRequest), Array)
#8 D:\xampp_5.6\htdocs\otw\vendor\laravel\framework\src\Illuminate\Container\Container.php(650): Illuminate\Container\Container->fireResolvingCallbacks('App\\Http\\Reques...', Object(App\Http\Requests\ImageSizeRequest))
#9 D:\xampp_5.6\htdocs\otw\vendor\laravel\framework\src\Illuminate\Foundation\Application.php(674): Illuminate\Container\Container->make('App\\Http\\Reques...', Array)
#10 D:\xampp_5.6\htdocs\otw\vendor\laravel\framework\src\Illuminate\Routing\RouteDependencyResolverTrait.php(87): Illuminate\Foundation\Application->make('App\\Http\\Reques...')
#11 D:\xampp_5.6\htdocs\otw\vendor\laravel\framework\src\Illuminate\Routing\RouteDependencyResolverTrait.php(61): Illuminate\Routing\ControllerDispatcher->transformDependency(Object(ReflectionParameter), Array, Array)
#12 D:\xampp_5.6\htdocs\otw\vendor\laravel\framework\src\Illuminate\Routing\RouteDependencyResolverTrait.php(44): Illuminate\Routing\ControllerDispatcher->resolveMethodDependencies(Array, Object(ReflectionMethod))
#13 D:\xampp_5.6\htdocs\otw\vendor\laravel\framework\src\Illuminate\Routing\ControllerDispatcher.php(162): Illuminate\Routing\ControllerDispatcher->resolveClassMethodDependencies(Array, Object(App\Http\Controllers\AdminPhotoFrameController), 'update')
#14 D:\xampp_5.6\htdocs\otw\vendor\laravel\framework\src\Illuminate\Routing\ControllerDispatcher.php(112): Illuminate\Routing\ControllerDispatcher->call(Object(App\Http\Controllers\AdminPhotoFrameController), Object(Illuminate\Routing\Route), 'update')
#15 [internal function]: Illuminate\Routing\ControllerDispatcher->Illuminate\Routing\{closure}(Object(Illuminate\Http\Request))
#16 D:\xampp_5.6\htdocs\otw\vendor\laravel\framework\src\Illuminate\Pipeline\Pipeline.php(139): call_user_func(Object(Closure), Object(Illuminate\Http\Request))
#17 [internal function]: Illuminate\Pipeline\Pipeline->Illuminate\Pipeline\{closure}(Object(Illuminate\Http\Request))
#18 D:\xampp_5.6\htdocs\otw\vendor\laravel\framework\src\Illuminate\Pipeline\Pipeline.php(103): call_user_func(Object(Closure), Object(Illuminate\Http\Request))
#19 D:\xampp_5.6\htdocs\otw\vendor\laravel\framework\src\Illuminate\Routing\ControllerDispatcher.php(114): Illuminate\Pipeline\Pipeline->then(Object(Closure))
#20 D:\xampp_5.6\htdocs\otw\vendor\laravel\framework\src\Illuminate\Routing\ControllerDispatcher.php(69): Illuminate\Routing\ControllerDispatcher->callWithinStack(Object(App\Http\Controllers\AdminPhotoFrameController), Object(Illuminate\Routing\Route), Object(Illuminate\Http\Request), 'update')
#21 D:\xampp_5.6\htdocs\otw\vendor\laravel\framework\src\Illuminate\Routing\Route.php(203): Illuminate\Routing\ControllerDispatcher->dispatch(Object(Illuminate\Routing\Route), Object(Illuminate\Http\Request), 'App\\Http\\Contro...', 'update')
#22 D:\xampp_5.6\htdocs\otw\vendor\laravel\framework\src\Illuminate\Routing\Route.php(134): Illuminate\Routing\Route->runWithCustomDispatcher(Object(Illuminate\Http\Request))
#23 D:\xampp_5.6\htdocs\otw\vendor\laravel\framework\src\Illuminate\Routing\Router.php(708): Illuminate\Routing\Route->run(Object(Illuminate\Http\Request))
#24 [internal function]: Illuminate\Routing\Router->Illuminate\Routing\{closure}(Object(Illuminate\Http\Request))
#25 D:\xampp_5.6\htdocs\otw\vendor\laravel\framework\src\Illuminate\Pipeline\Pipeline.php(139): call_user_func(Object(Closure), Object(Illuminate\Http\Request))
#26 D:\xampp_5.6\htdocs\otw\app\Http\Middleware\Authenticate.php(48): Illuminate\Pipeline\Pipeline->Illuminate\Pipeline\{closure}(Object(Illuminate\Http\Request))
#27 [internal function]: App\Http\Middleware\Authenticate->handle(Object(Illuminate\Http\Request), Object(Closure))
#28 D:\xampp_5.6\htdocs\otw\vendor\laravel\framework\src\Illuminate\Pipeline\Pipeline.php(124): call_user_func_array(Array, Array)
#29 [internal function]: Illuminate\Pipeline\Pipeline->Illuminate\Pipeline\{closure}(Object(Illuminate\Http\Request))
#30 D:\xampp_5.6\htdocs\otw\vendor\laravel\framework\src\Illuminate\Pipeline\Pipeline.php(103): call_user_func(Object(Closure), Object(Illuminate\Http\Request))
#31 D:\xampp_5.6\htdocs\otw\vendor\laravel\framework\src\Illuminate\Routing\Router.php(710): Illuminate\Pipeline\Pipeline->then(Object(Closure))
#32 D:\xampp_5.6\htdocs\otw\vendor\laravel\framework\src\Illuminate\Routing\Router.php(675): Illuminate\Routing\Router->runRouteWithinStack(Object(Illuminate\Routing\Route), Object(Illuminate\Http\Request))
#33 D:\xampp_5.6\htdocs\otw\vendor\laravel\framework\src\Illuminate\Routing\Router.php(635): Illuminate\Routing\Router->dispatchToRoute(Object(Illuminate\Http\Request))
#34 D:\xampp_5.6\htdocs\otw\vendor\laravel\framework\src\Illuminate\Foundation\Http\Kernel.php(236): Illuminate\Routing\Router->dispatch(Object(Illuminate\Http\Request))
#35 [internal function]: Illuminate\Foundation\Http\Kernel->Illuminate\Foundation\Http\{closure}(Object(Illuminate\Http\Request))
#36 D:\xampp_5.6\htdocs\otw\vendor\laravel\framework\src\Illuminate\Pipeline\Pipeline.php(139): call_user_func(Object(Closure), Object(Illuminate\Http\Request))
#37 D:\xampp_5.6\htdocs\otw\vendor\laravel\framework\src\Illuminate\Foundation\Http\Middleware\VerifyCsrfToken.php(50): Illuminate\Pipeline\Pipeline->Illuminate\Pipeline\{closure}(Object(Illuminate\Http\Request))
#38 [internal function]: Illuminate\Foundation\Http\Middleware\VerifyCsrfToken->handle(Object(Illuminate\Http\Request), Object(Closure))
#39 D:\xampp_5.6\htdocs\otw\vendor\laravel\framework\src\Illuminate\Pipeline\Pipeline.php(124): call_user_func_array(Array, Array)
#40 D:\xampp_5.6\htdocs\otw\vendor\laravel\framework\src\Illuminate\View\Middleware\ShareErrorsFromSession.php(49): Illuminate\Pipeline\Pipeline->Illuminate\Pipeline\{closure}(Object(Illuminate\Http\Request))
#41 [internal function]: Illuminate\View\Middleware\ShareErrorsFromSession->handle(Object(Illuminate\Http\Request), Object(Closure))
#42 D:\xampp_5.6\htdocs\otw\vendor\laravel\framework\src\Illuminate\Pipeline\Pipeline.php(124): call_user_func_array(Array, Array)
#43 D:\xampp_5.6\htdocs\otw\vendor\laravel\framework\src\Illuminate\Session\Middleware\StartSession.php(62): Illuminate\Pipeline\Pipeline->Illuminate\Pipeline\{closure}(Object(Illuminate\Http\Request))
#44 [internal function]: Illuminate\Session\Middleware\StartSession->handle(Object(Illuminate\Http\Request), Object(Closure))
#45 D:\xampp_5.6\htdocs\otw\vendor\laravel\framework\src\Illuminate\Pipeline\Pipeline.php(124): call_user_func_array(Array, Array)
#46 D:\xampp_5.6\htdocs\otw\vendor\laravel\framework\src\Illuminate\Cookie\Middleware\AddQueuedCookiesToResponse.php(37): Illuminate\Pipeline\Pipeline->Illuminate\Pipeline\{closure}(Object(Illuminate\Http\Request))
#47 [internal function]: Illuminate\Cookie\Middleware\AddQueuedCookiesToResponse->handle(Object(Illuminate\Http\Request), Object(Closure))
#48 D:\xampp_5.6\htdocs\otw\vendor\laravel\framework\src\Illuminate\Pipeline\Pipeline.php(124): call_user_func_array(Array, Array)
#49 D:\xampp_5.6\htdocs\otw\vendor\laravel\framework\src\Illuminate\Cookie\Middleware\EncryptCookies.php(59): Illuminate\Pipeline\Pipeline->Illuminate\Pipeline\{closure}(Object(Illuminate\Http\Request))
#50 [internal function]: Illuminate\Cookie\Middleware\EncryptCookies->handle(Object(Illuminate\Http\Request), Object(Closure))
#51 D:\xampp_5.6\htdocs\otw\vendor\laravel\framework\src\Illuminate\Pipeline\Pipeline.php(124): call_user_func_array(Array, Array)
#52 D:\xampp_5.6\htdocs\otw\vendor\laravel\framework\src\Illuminate\Foundation\Http\Middleware\CheckForMaintenanceMode.php(44): Illuminate\Pipeline\Pipeline->Illuminate\Pipeline\{closure}(Object(Illuminate\Http\Request))
#53 [internal function]: Illuminate\Foundation\Http\Middleware\CheckForMaintenanceMode->handle(Object(Illuminate\Http\Request), Object(Closure))
#54 D:\xampp_5.6\htdocs\otw\vendor\laravel\framework\src\Illuminate\Pipeline\Pipeline.php(124): call_user_func_array(Array, Array)
#55 [internal function]: Illuminate\Pipeline\Pipeline->Illuminate\Pipeline\{closure}(Object(Illuminate\Http\Request))
#56 D:\xampp_5.6\htdocs\otw\vendor\laravel\framework\src\Illuminate\Pipeline\Pipeline.php(103): call_user_func(Object(Closure), Object(Illuminate\Http\Request))
#57 D:\xampp_5.6\htdocs\otw\vendor\laravel\framework\src\Illuminate\Foundation\Http\Kernel.php(122): Illuminate\Pipeline\Pipeline->then(Object(Closure))
#58 D:\xampp_5.6\htdocs\otw\vendor\laravel\framework\src\Illuminate\Foundation\Http\Kernel.php(87): Illuminate\Foundation\Http\Kernel->sendRequestThroughRouter(Object(Illuminate\Http\Request))
#59 D:\xampp_5.6\htdocs\otw\public\index.php(54): Illuminate\Foundation\Http\Kernel->handle(Object(Illuminate\Http\Request))
#60 {main}  
[2017-06-02 00:58:16] production.ERROR: exception 'PDOException' with message 'SQLSTATE[42S02]: Base table or view not found: 1146 Table 'otw.image_size4' doesn't exist' in D:\xampp_5.6\htdocs\otw\vendor\laravel\framework\src\Illuminate\Database\Connection.php:319
Stack trace:
#0 D:\xampp_5.6\htdocs\otw\vendor\laravel\framework\src\Illuminate\Database\Connection.php(319): PDO->prepare('select count(*)...')
#1 D:\xampp_5.6\htdocs\otw\vendor\laravel\framework\src\Illuminate\Database\Connection.php(655): Illuminate\Database\Connection->Illuminate\Database\{closure}(Object(Illuminate\Database\MySqlConnection), 'select count(*)...', Array)
#2 D:\xampp_5.6\htdocs\otw\vendor\laravel\framework\src\Illuminate\Database\Connection.php(618): Illuminate\Database\Connection->runQueryCallback('select count(*)...', Array, Object(Closure))
#3 D:\xampp_5.6\htdocs\otw\vendor\laravel\framework\src\Illuminate\Database\Connection.php(324): Illuminate\Database\Connection->run('select count(*)...', Array, Object(Closure))
#4 D:\xampp_5.6\htdocs\otw\vendor\laravel\framework\src\Illuminate\Database\Query\Builder.php(1431): Illuminate\Database\Connection->select('select count(*)...', Array, false)
#5 D:\xampp_5.6\htdocs\otw\vendor\laravel\framework\src\Illuminate\Database\Query\Builder.php(1408): Illuminate\Database\Query\Builder->runSelect()
#6 D:\xampp_5.6\htdocs\otw\vendor\laravel\framework\src\Illuminate\Database\Query\Builder.php(1740): Illuminate\Database\Query\Builder->get(Array)
#7 D:\xampp_5.6\htdocs\otw\vendor\laravel\framework\src\Illuminate\Database\Query\Builder.php(1660): Illuminate\Database\Query\Builder->aggregate('count', Array)
#8 D:\xampp_5.6\htdocs\otw\vendor\laravel\framework\src\Illuminate\Validation\DatabasePresenceVerifier.php(57): Illuminate\Database\Query\Builder->count()
#9 D:\xampp_5.6\htdocs\otw\vendor\laravel\framework\src\Illuminate\Validation\Validator.php(1071): Illuminate\Validation\DatabasePresenceVerifier->getCount('image_size4', 'value', 'hello', NULL, NULL, Array)
#10 D:\xampp_5.6\htdocs\otw\vendor\laravel\framework\src\Illuminate\Validation\Validator.php(363): Illuminate\Validation\Validator->validateUnique('value', 'hello', Array, Object(Illuminate\Validation\Validator))
#11 D:\xampp_5.6\htdocs\otw\vendor\laravel\framework\src\Illuminate\Validation\Validator.php(315): Illuminate\Validation\Validator->validate('value', 'unique:image_si...')
#12 D:\xampp_5.6\htdocs\otw\vendor\laravel\framework\src\Illuminate\Validation\ValidatesWhenResolvedTrait.php(24): Illuminate\Validation\Validator->passes()
#13 D:\xampp_5.6\htdocs\otw\vendor\laravel\framework\src\Illuminate\Validation\ValidationServiceProvider.php(32): Illuminate\Foundation\Http\FormRequest->validate()
#14 D:\xampp_5.6\htdocs\otw\vendor\laravel\framework\src\Illuminate\Container\Container.php(1024): Illuminate\Validation\ValidationServiceProvider->Illuminate\Validation\{closure}(Object(App\Http\Requests\ImageSizeRequest), Object(Illuminate\Foundation\Application))
#15 D:\xampp_5.6\htdocs\otw\vendor\laravel\framework\src\Illuminate\Container\Container.php(989): Illuminate\Container\Container->fireCallbackArray(Object(App\Http\Requests\ImageSizeRequest), Array)
#16 D:\xampp_5.6\htdocs\otw\vendor\laravel\framework\src\Illuminate\Container\Container.php(650): Illuminate\Container\Container->fireResolvingCallbacks('App\\Http\\Reques...', Object(App\Http\Requests\ImageSizeRequest))
#17 D:\xampp_5.6\htdocs\otw\vendor\laravel\framework\src\Illuminate\Foundation\Application.php(674): Illuminate\Container\Container->make('App\\Http\\Reques...', Array)
#18 D:\xampp_5.6\htdocs\otw\vendor\laravel\framework\src\Illuminate\Routing\RouteDependencyResolverTrait.php(87): Illuminate\Foundation\Application->make('App\\Http\\Reques...')
#19 D:\xampp_5.6\htdocs\otw\vendor\laravel\framework\src\Illuminate\Routing\RouteDependencyResolverTrait.php(61): Illuminate\Routing\ControllerDispatcher->transformDependency(Object(ReflectionParameter), Array, Array)
#20 D:\xampp_5.6\htdocs\otw\vendor\laravel\framework\src\Illuminate\Routing\RouteDependencyResolverTrait.php(44): Illuminate\Routing\ControllerDispatcher->resolveMethodDependencies(Array, Object(ReflectionMethod))
#21 D:\xampp_5.6\htdocs\otw\vendor\laravel\framework\src\Illuminate\Routing\ControllerDispatcher.php(162): Illuminate\Routing\ControllerDispatcher->resolveClassMethodDependencies(Array, Object(App\Http\Controllers\AdminPhotoFrameController), 'update')
#22 D:\xampp_5.6\htdocs\otw\vendor\laravel\framework\src\Illuminate\Routing\ControllerDispatcher.php(112): Illuminate\Routing\ControllerDispatcher->call(Object(App\Http\Controllers\AdminPhotoFrameController), Object(Illuminate\Routing\Route), 'update')
#23 [internal function]: Illuminate\Routing\ControllerDispatcher->Illuminate\Routing\{closure}(Object(Illuminate\Http\Request))
#24 D:\xampp_5.6\htdocs\otw\vendor\laravel\framework\src\Illuminate\Pipeline\Pipeline.php(139): call_user_func(Object(Closure), Object(Illuminate\Http\Request))
#25 [internal function]: Illuminate\Pipeline\Pipeline->Illuminate\Pipeline\{closure}(Object(Illuminate\Http\Request))
#26 D:\xampp_5.6\htdocs\otw\vendor\laravel\framework\src\Illuminate\Pipeline\Pipeline.php(103): call_user_func(Object(Closure), Object(Illuminate\Http\Request))
#27 D:\xampp_5.6\htdocs\otw\vendor\laravel\framework\src\Illuminate\Routing\ControllerDispatcher.php(114): Illuminate\Pipeline\Pipeline->then(Object(Closure))
#28 D:\xampp_5.6\htdocs\otw\vendor\laravel\framework\src\Illuminate\Routing\ControllerDispatcher.php(69): Illuminate\Routing\ControllerDispatcher->callWithinStack(Object(App\Http\Controllers\AdminPhotoFrameController), Object(Illuminate\Routing\Route), Object(Illuminate\Http\Request), 'update')
#29 D:\xampp_5.6\htdocs\otw\vendor\laravel\framework\src\Illuminate\Routing\Route.php(203): Illuminate\Routing\ControllerDispatcher->dispatch(Object(Illuminate\Routing\Route), Object(Illuminate\Http\Request), 'App\\Http\\Contro...', 'update')
#30 D:\xampp_5.6\htdocs\otw\vendor\laravel\framework\src\Illuminate\Routing\Route.php(134): Illuminate\Routing\Route->runWithCustomDispatcher(Object(Illuminate\Http\Request))
#31 D:\xampp_5.6\htdocs\otw\vendor\laravel\framework\src\Illuminate\Routing\Router.php(708): Illuminate\Routing\Route->run(Object(Illuminate\Http\Request))
#32 [internal function]: Illuminate\Routing\Router->Illuminate\Routing\{closure}(Object(Illuminate\Http\Request))
#33 D:\xampp_5.6\htdocs\otw\vendor\laravel\framework\src\Illuminate\Pipeline\Pipeline.php(139): call_user_func(Object(Closure), Object(Illuminate\Http\Request))
#34 D:\xampp_5.6\htdocs\otw\app\Http\Middleware\Authenticate.php(48): Illuminate\Pipeline\Pipeline->Illuminate\Pipeline\{closure}(Object(Illuminate\Http\Request))
#35 [internal function]: App\Http\Middleware\Authenticate->handle(Object(Illuminate\Http\Request), Object(Closure))
#36 D:\xampp_5.6\htdocs\otw\vendor\laravel\framework\src\Illuminate\Pipeline\Pipeline.php(124): call_user_func_array(Array, Array)
#37 [internal function]: Illuminate\Pipeline\Pipeline->Illuminate\Pipeline\{closure}(Object(Illuminate\Http\Request))
#38 D:\xampp_5.6\htdocs\otw\vendor\laravel\framework\src\Illuminate\Pipeline\Pipeline.php(103): call_user_func(Object(Closure), Object(Illuminate\Http\Request))
#39 D:\xampp_5.6\htdocs\otw\vendor\laravel\framework\src\Illuminate\Routing\Router.php(710): Illuminate\Pipeline\Pipeline->then(Object(Closure))
#40 D:\xampp_5.6\htdocs\otw\vendor\laravel\framework\src\Illuminate\Routing\Router.php(675): Illuminate\Routing\Router->runRouteWithinStack(Object(Illuminate\Routing\Route), Object(Illuminate\Http\Request))
#41 D:\xampp_5.6\htdocs\otw\vendor\laravel\framework\src\Illuminate\Routing\Router.php(635): Illuminate\Routing\Router->dispatchToRoute(Object(Illuminate\Http\Request))
#42 D:\xampp_5.6\htdocs\otw\vendor\laravel\framework\src\Illuminate\Foundation\Http\Kernel.php(236): Illuminate\Routing\Router->dispatch(Object(Illuminate\Http\Request))
#43 [internal function]: Illuminate\Foundation\Http\Kernel->Illuminate\Foundation\Http\{closure}(Object(Illuminate\Http\Request))
#44 D:\xampp_5.6\htdocs\otw\vendor\laravel\framework\src\Illuminate\Pipeline\Pipeline.php(139): call_user_func(Object(Closure), Object(Illuminate\Http\Request))
#45 D:\xampp_5.6\htdocs\otw\vendor\laravel\framework\src\Illuminate\Foundation\Http\Middleware\VerifyCsrfToken.php(50): Illuminate\Pipeline\Pipeline->Illuminate\Pipeline\{closure}(Object(Illuminate\Http\Request))
#46 [internal function]: Illuminate\Foundation\Http\Middleware\VerifyCsrfToken->handle(Object(Illuminate\Http\Request), Object(Closure))
#47 D:\xampp_5.6\htdocs\otw\vendor\laravel\framework\src\Illuminate\Pipeline\Pipeline.php(124): call_user_func_array(Array, Array)
#48 D:\xampp_5.6\htdocs\otw\vendor\laravel\framework\src\Illuminate\View\Middleware\ShareErrorsFromSession.php(49): Illuminate\Pipeline\Pipeline->Illuminate\Pipeline\{closure}(Object(Illuminate\Http\Request))
#49 [internal function]: Illuminate\View\Middleware\ShareErrorsFromSession->handle(Object(Illuminate\Http\Request), Object(Closure))
#50 D:\xampp_5.6\htdocs\otw\vendor\laravel\framework\src\Illuminate\Pipeline\Pipeline.php(124): call_user_func_array(Array, Array)
#51 D:\xampp_5.6\htdocs\otw\vendor\laravel\framework\src\Illuminate\Session\Middleware\StartSession.php(62): Illuminate\Pipeline\Pipeline->Illuminate\Pipeline\{closure}(Object(Illuminate\Http\Request))
#52 [internal function]: Illuminate\Session\Middleware\StartSession->handle(Object(Illuminate\Http\Request), Object(Closure))
#53 D:\xampp_5.6\htdocs\otw\vendor\laravel\framework\src\Illuminate\Pipeline\Pipeline.php(124): call_user_func_array(Array, Array)
#54 D:\xampp_5.6\htdocs\otw\vendor\laravel\framework\src\Illuminate\Cookie\Middleware\AddQueuedCookiesToResponse.php(37): Illuminate\Pipeline\Pipeline->Illuminate\Pipeline\{closure}(Object(Illuminate\Http\Request))
#55 [internal function]: Illuminate\Cookie\Middleware\AddQueuedCookiesToResponse->handle(Object(Illuminate\Http\Request), Object(Closure))
#56 D:\xampp_5.6\htdocs\otw\vendor\laravel\framework\src\Illuminate\Pipeline\Pipeline.php(124): call_user_func_array(Array, Array)
#57 D:\xampp_5.6\htdocs\otw\vendor\laravel\framework\src\Illuminate\Cookie\Middleware\EncryptCookies.php(59): Illuminate\Pipeline\Pipeline->Illuminate\Pipeline\{closure}(Object(Illuminate\Http\Request))
#58 [internal function]: Illuminate\Cookie\Middleware\EncryptCookies->handle(Object(Illuminate\Http\Request), Object(Closure))
#59 D:\xampp_5.6\htdocs\otw\vendor\laravel\framework\src\Illuminate\Pipeline\Pipeline.php(124): call_user_func_array(Array, Array)
#60 D:\xampp_5.6\htdocs\otw\vendor\laravel\framework\src\Illuminate\Foundation\Http\Middleware\CheckForMaintenanceMode.php(44): Illuminate\Pipeline\Pipeline->Illuminate\Pipeline\{closure}(Object(Illuminate\Http\Request))
#61 [internal function]: Illuminate\Foundation\Http\Middleware\CheckForMaintenanceMode->handle(Object(Illuminate\Http\Request), Object(Closure))
#62 D:\xampp_5.6\htdocs\otw\vendor\laravel\framework\src\Illuminate\Pipeline\Pipeline.php(124): call_user_func_array(Array, Array)
#63 [internal function]: Illuminate\Pipeline\Pipeline->Illuminate\Pipeline\{closure}(Object(Illuminate\Http\Request))
#64 D:\xampp_5.6\htdocs\otw\vendor\laravel\framework\src\Illuminate\Pipeline\Pipeline.php(103): call_user_func(Object(Closure), Object(Illuminate\Http\Request))
#65 D:\xampp_5.6\htdocs\otw\vendor\laravel\framework\src\Illuminate\Foundation\Http\Kernel.php(122): Illuminate\Pipeline\Pipeline->then(Object(Closure))
#66 D:\xampp_5.6\htdocs\otw\vendor\laravel\framework\src\Illuminate\Foundation\Http\Kernel.php(87): Illuminate\Foundation\Http\Kernel->sendRequestThroughRouter(Object(Illuminate\Http\Request))
#67 D:\xampp_5.6\htdocs\otw\public\index.php(54): Illuminate\Foundation\Http\Kernel->handle(Object(Illuminate\Http\Request))
#68 {main}

Next exception 'Illuminate\Database\QueryException' with message 'SQLSTATE[42S02]: Base table or view not found: 1146 Table 'otw.image_size4' doesn't exist (SQL: select count(*) as aggregate from `image_size4` where `value` = hello)' in D:\xampp_5.6\htdocs\otw\vendor\laravel\framework\src\Illuminate\Database\Connection.php:662
Stack trace:
#0 D:\xampp_5.6\htdocs\otw\vendor\laravel\framework\src\Illuminate\Database\Connection.php(618): Illuminate\Database\Connection->runQueryCallback('select count(*)...', Array, Object(Closure))
#1 D:\xampp_5.6\htdocs\otw\vendor\laravel\framework\src\Illuminate\Database\Connection.php(324): Illuminate\Database\Connection->run('select count(*)...', Array, Object(Closure))
#2 D:\xampp_5.6\htdocs\otw\vendor\laravel\framework\src\Illuminate\Database\Query\Builder.php(1431): Illuminate\Database\Connection->select('select count(*)...', Array, false)
#3 D:\xampp_5.6\htdocs\otw\vendor\laravel\framework\src\Illuminate\Database\Query\Builder.php(1408): Illuminate\Database\Query\Builder->runSelect()
#4 D:\xampp_5.6\htdocs\otw\vendor\laravel\framework\src\Illuminate\Database\Query\Builder.php(1740): Illuminate\Database\Query\Builder->get(Array)
#5 D:\xampp_5.6\htdocs\otw\vendor\laravel\framework\src\Illuminate\Database\Query\Builder.php(1660): Illuminate\Database\Query\Builder->aggregate('count', Array)
#6 D:\xampp_5.6\htdocs\otw\vendor\laravel\framework\src\Illuminate\Validation\DatabasePresenceVerifier.php(57): Illuminate\Database\Query\Builder->count()
#7 D:\xampp_5.6\htdocs\otw\vendor\laravel\framework\src\Illuminate\Validation\Validator.php(1071): Illuminate\Validation\DatabasePresenceVerifier->getCount('image_size4', 'value', 'hello', NULL, NULL, Array)
#8 D:\xampp_5.6\htdocs\otw\vendor\laravel\framework\src\Illuminate\Validation\Validator.php(363): Illuminate\Validation\Validator->validateUnique('value', 'hello', Array, Object(Illuminate\Validation\Validator))
#9 D:\xampp_5.6\htdocs\otw\vendor\laravel\framework\src\Illuminate\Validation\Validator.php(315): Illuminate\Validation\Validator->validate('value', 'unique:image_si...')
#10 D:\xampp_5.6\htdocs\otw\vendor\laravel\framework\src\Illuminate\Validation\ValidatesWhenResolvedTrait.php(24): Illuminate\Validation\Validator->passes()
#11 D:\xampp_5.6\htdocs\otw\vendor\laravel\framework\src\Illuminate\Validation\ValidationServiceProvider.php(32): Illuminate\Foundation\Http\FormRequest->validate()
#12 D:\xampp_5.6\htdocs\otw\vendor\laravel\framework\src\Illuminate\Container\Container.php(1024): Illuminate\Validation\ValidationServiceProvider->Illuminate\Validation\{closure}(Object(App\Http\Requests\ImageSizeRequest), Object(Illuminate\Foundation\Application))
#13 D:\xampp_5.6\htdocs\otw\vendor\laravel\framework\src\Illuminate\Container\Container.php(989): Illuminate\Container\Container->fireCallbackArray(Object(App\Http\Requests\ImageSizeRequest), Array)
#14 D:\xampp_5.6\htdocs\otw\vendor\laravel\framework\src\Illuminate\Container\Container.php(650): Illuminate\Container\Container->fireResolvingCallbacks('App\\Http\\Reques...', Object(App\Http\Requests\ImageSizeRequest))
#15 D:\xampp_5.6\htdocs\otw\vendor\laravel\framework\src\Illuminate\Foundation\Application.php(674): Illuminate\Container\Container->make('App\\Http\\Reques...', Array)
#16 D:\xampp_5.6\htdocs\otw\vendor\laravel\framework\src\Illuminate\Routing\RouteDependencyResolverTrait.php(87): Illuminate\Foundation\Application->make('App\\Http\\Reques...')
#17 D:\xampp_5.6\htdocs\otw\vendor\laravel\framework\src\Illuminate\Routing\RouteDependencyResolverTrait.php(61): Illuminate\Routing\ControllerDispatcher->transformDependency(Object(ReflectionParameter), Array, Array)
#18 D:\xampp_5.6\htdocs\otw\vendor\laravel\framework\src\Illuminate\Routing\RouteDependencyResolverTrait.php(44): Illuminate\Routing\ControllerDispatcher->resolveMethodDependencies(Array, Object(ReflectionMethod))
#19 D:\xampp_5.6\htdocs\otw\vendor\laravel\framework\src\Illuminate\Routing\ControllerDispatcher.php(162): Illuminate\Routing\ControllerDispatcher->resolveClassMethodDependencies(Array, Object(App\Http\Controllers\AdminPhotoFrameController), 'update')
#20 D:\xampp_5.6\htdocs\otw\vendor\laravel\framework\src\Illuminate\Routing\ControllerDispatcher.php(112): Illuminate\Routing\ControllerDispatcher->call(Object(App\Http\Controllers\AdminPhotoFrameController), Object(Illuminate\Routing\Route), 'update')
#21 [internal function]: Illuminate\Routing\ControllerDispatcher->Illuminate\Routing\{closure}(Object(Illuminate\Http\Request))
#22 D:\xampp_5.6\htdocs\otw\vendor\laravel\framework\src\Illuminate\Pipeline\Pipeline.php(139): call_user_func(Object(Closure), Object(Illuminate\Http\Request))
#23 [internal function]: Illuminate\Pipeline\Pipeline->Illuminate\Pipeline\{closure}(Object(Illuminate\Http\Request))
#24 D:\xampp_5.6\htdocs\otw\vendor\laravel\framework\src\Illuminate\Pipeline\Pipeline.php(103): call_user_func(Object(Closure), Object(Illuminate\Http\Request))
#25 D:\xampp_5.6\htdocs\otw\vendor\laravel\framework\src\Illuminate\Routing\ControllerDispatcher.php(114): Illuminate\Pipeline\Pipeline->then(Object(Closure))
#26 D:\xampp_5.6\htdocs\otw\vendor\laravel\framework\src\Illuminate\Routing\ControllerDispatcher.php(69): Illuminate\Routing\ControllerDispatcher->callWithinStack(Object(App\Http\Controllers\AdminPhotoFrameController), Object(Illuminate\Routing\Route), Object(Illuminate\Http\Request), 'update')
#27 D:\xampp_5.6\htdocs\otw\vendor\laravel\framework\src\Illuminate\Routing\Route.php(203): Illuminate\Routing\ControllerDispatcher->dispatch(Object(Illuminate\Routing\Route), Object(Illuminate\Http\Request), 'App\\Http\\Contro...', 'update')
#28 D:\xampp_5.6\htdocs\otw\vendor\laravel\framework\src\Illuminate\Routing\Route.php(134): Illuminate\Routing\Route->runWithCustomDispatcher(Object(Illuminate\Http\Request))
#29 D:\xampp_5.6\htdocs\otw\vendor\laravel\framework\src\Illuminate\Routing\Router.php(708): Illuminate\Routing\Route->run(Object(Illuminate\Http\Request))
#30 [internal function]: Illuminate\Routing\Router->Illuminate\Routing\{closure}(Object(Illuminate\Http\Request))
#31 D:\xampp_5.6\htdocs\otw\vendor\laravel\framework\src\Illuminate\Pipeline\Pipeline.php(139): call_user_func(Object(Closure), Object(Illuminate\Http\Request))
#32 D:\xampp_5.6\htdocs\otw\app\Http\Middleware\Authenticate.php(48): Illuminate\Pipeline\Pipeline->Illuminate\Pipeline\{closure}(Object(Illuminate\Http\Request))
#33 [internal function]: App\Http\Middleware\Authenticate->handle(Object(Illuminate\Http\Request), Object(Closure))
#34 D:\xampp_5.6\htdocs\otw\vendor\laravel\framework\src\Illuminate\Pipeline\Pipeline.php(124): call_user_func_array(Array, Array)
#35 [internal function]: Illuminate\Pipeline\Pipeline->Illuminate\Pipeline\{closure}(Object(Illuminate\Http\Request))
#36 D:\xampp_5.6\htdocs\otw\vendor\laravel\framework\src\Illuminate\Pipeline\Pipeline.php(103): call_user_func(Object(Closure), Object(Illuminate\Http\Request))
#37 D:\xampp_5.6\htdocs\otw\vendor\laravel\framework\src\Illuminate\Routing\Router.php(710): Illuminate\Pipeline\Pipeline->then(Object(Closure))
#38 D:\xampp_5.6\htdocs\otw\vendor\laravel\framework\src\Illuminate\Routing\Router.php(675): Illuminate\Routing\Router->runRouteWithinStack(Object(Illuminate\Routing\Route), Object(Illuminate\Http\Request))
#39 D:\xampp_5.6\htdocs\otw\vendor\laravel\framework\src\Illuminate\Routing\Router.php(635): Illuminate\Routing\Router->dispatchToRoute(Object(Illuminate\Http\Request))
#40 D:\xampp_5.6\htdocs\otw\vendor\laravel\framework\src\Illuminate\Foundation\Http\Kernel.php(236): Illuminate\Routing\Router->dispatch(Object(Illuminate\Http\Request))
#41 [internal function]: Illuminate\Foundation\Http\Kernel->Illuminate\Foundation\Http\{closure}(Object(Illuminate\Http\Request))
#42 D:\xampp_5.6\htdocs\otw\vendor\laravel\framework\src\Illuminate\Pipeline\Pipeline.php(139): call_user_func(Object(Closure), Object(Illuminate\Http\Request))
#43 D:\xampp_5.6\htdocs\otw\vendor\laravel\framework\src\Illuminate\Foundation\Http\Middleware\VerifyCsrfToken.php(50): Illuminate\Pipeline\Pipeline->Illuminate\Pipeline\{closure}(Object(Illuminate\Http\Request))
#44 [internal function]: Illuminate\Foundation\Http\Middleware\VerifyCsrfToken->handle(Object(Illuminate\Http\Request), Object(Closure))
#45 D:\xampp_5.6\htdocs\otw\vendor\laravel\framework\src\Illuminate\Pipeline\Pipeline.php(124): call_user_func_array(Array, Array)
#46 D:\xampp_5.6\htdocs\otw\vendor\laravel\framework\src\Illuminate\View\Middleware\ShareErrorsFromSession.php(49): Illuminate\Pipeline\Pipeline->Illuminate\Pipeline\{closure}(Object(Illuminate\Http\Request))
#47 [internal function]: Illuminate\View\Middleware\ShareErrorsFromSession->handle(Object(Illuminate\Http\Request), Object(Closure))
#48 D:\xampp_5.6\htdocs\otw\vendor\laravel\framework\src\Illuminate\Pipeline\Pipeline.php(124): call_user_func_array(Array, Array)
#49 D:\xampp_5.6\htdocs\otw\vendor\laravel\framework\src\Illuminate\Session\Middleware\StartSession.php(62): Illuminate\Pipeline\Pipeline->Illuminate\Pipeline\{closure}(Object(Illuminate\Http\Request))
#50 [internal function]: Illuminate\Session\Middleware\StartSession->handle(Object(Illuminate\Http\Request), Object(Closure))
#51 D:\xampp_5.6\htdocs\otw\vendor\laravel\framework\src\Illuminate\Pipeline\Pipeline.php(124): call_user_func_array(Array, Array)
#52 D:\xampp_5.6\htdocs\otw\vendor\laravel\framework\src\Illuminate\Cookie\Middleware\AddQueuedCookiesToResponse.php(37): Illuminate\Pipeline\Pipeline->Illuminate\Pipeline\{closure}(Object(Illuminate\Http\Request))
#53 [internal function]: Illuminate\Cookie\Middleware\AddQueuedCookiesToResponse->handle(Object(Illuminate\Http\Request), Object(Closure))
#54 D:\xampp_5.6\htdocs\otw\vendor\laravel\framework\src\Illuminate\Pipeline\Pipeline.php(124): call_user_func_array(Array, Array)
#55 D:\xampp_5.6\htdocs\otw\vendor\laravel\framework\src\Illuminate\Cookie\Middleware\EncryptCookies.php(59): Illuminate\Pipeline\Pipeline->Illuminate\Pipeline\{closure}(Object(Illuminate\Http\Request))
#56 [internal function]: Illuminate\Cookie\Middleware\EncryptCookies->handle(Object(Illuminate\Http\Request), Object(Closure))
#57 D:\xampp_5.6\htdocs\otw\vendor\laravel\framework\src\Illuminate\Pipeline\Pipeline.php(124): call_user_func_array(Array, Array)
#58 D:\xampp_5.6\htdocs\otw\vendor\laravel\framework\src\Illuminate\Foundation\Http\Middleware\CheckForMaintenanceMode.php(44): Illuminate\Pipeline\Pipeline->Illuminate\Pipeline\{closure}(Object(Illuminate\Http\Request))
#59 [internal function]: Illuminate\Foundation\Http\Middleware\CheckForMaintenanceMode->handle(Object(Illuminate\Http\Request), Object(Closure))
#60 D:\xampp_5.6\htdocs\otw\vendor\laravel\framework\src\Illuminate\Pipeline\Pipeline.php(124): call_user_func_array(Array, Array)
#61 [internal function]: Illuminate\Pipeline\Pipeline->Illuminate\Pipeline\{closure}(Object(Illuminate\Http\Request))
#62 D:\xampp_5.6\htdocs\otw\vendor\laravel\framework\src\Illuminate\Pipeline\Pipeline.php(103): call_user_func(Object(Closure), Object(Illuminate\Http\Request))
#63 D:\xampp_5.6\htdocs\otw\vendor\laravel\framework\src\Illuminate\Foundation\Http\Kernel.php(122): Illuminate\Pipeline\Pipeline->then(Object(Closure))
#64 D:\xampp_5.6\htdocs\otw\vendor\laravel\framework\src\Illuminate\Foundation\Http\Kernel.php(87): Illuminate\Foundation\Http\Kernel->sendRequestThroughRouter(Object(Illuminate\Http\Request))
#65 D:\xampp_5.6\htdocs\otw\public\index.php(54): Illuminate\Foundation\Http\Kernel->handle(Object(Illuminate\Http\Request))
#66 {main}  
[2017-06-02 10:36:28] production.ERROR: exception 'BadMethodCallException' with message 'Method [validateRequired,id] does not exist.' in D:\xampp_5.6\htdocs\otw\vendor\laravel\framework\src\Illuminate\Validation\Validator.php:2695
Stack trace:
#0 D:\xampp_5.6\htdocs\otw\vendor\laravel\framework\src\Illuminate\Validation\Validator.php(363): Illuminate\Validation\Validator->__call('validateRequire...', Array)
#1 D:\xampp_5.6\htdocs\otw\vendor\laravel\framework\src\Illuminate\Validation\Validator.php(363): Illuminate\Validation\Validator->validateRequired,id('value', '8x10in', Array, Object(Illuminate\Validation\Validator))
#2 D:\xampp_5.6\htdocs\otw\vendor\laravel\framework\src\Illuminate\Validation\Validator.php(315): Illuminate\Validation\Validator->validate('value', 'required,id')
#3 D:\xampp_5.6\htdocs\otw\vendor\laravel\framework\src\Illuminate\Validation\ValidatesWhenResolvedTrait.php(24): Illuminate\Validation\Validator->passes()
#4 D:\xampp_5.6\htdocs\otw\vendor\laravel\framework\src\Illuminate\Validation\ValidationServiceProvider.php(32): Illuminate\Foundation\Http\FormRequest->validate()
#5 D:\xampp_5.6\htdocs\otw\vendor\laravel\framework\src\Illuminate\Container\Container.php(1024): Illuminate\Validation\ValidationServiceProvider->Illuminate\Validation\{closure}(Object(App\Http\Requests\ImageSizeRequest), Object(Illuminate\Foundation\Application))
#6 D:\xampp_5.6\htdocs\otw\vendor\laravel\framework\src\Illuminate\Container\Container.php(989): Illuminate\Container\Container->fireCallbackArray(Object(App\Http\Requests\ImageSizeRequest), Array)
#7 D:\xampp_5.6\htdocs\otw\vendor\laravel\framework\src\Illuminate\Container\Container.php(650): Illuminate\Container\Container->fireResolvingCallbacks('App\\Http\\Reques...', Object(App\Http\Requests\ImageSizeRequest))
#8 D:\xampp_5.6\htdocs\otw\vendor\laravel\framework\src\Illuminate\Foundation\Application.php(674): Illuminate\Container\Container->make('App\\Http\\Reques...', Array)
#9 D:\xampp_5.6\htdocs\otw\vendor\laravel\framework\src\Illuminate\Routing\RouteDependencyResolverTrait.php(87): Illuminate\Foundation\Application->make('App\\Http\\Reques...')
#10 D:\xampp_5.6\htdocs\otw\vendor\laravel\framework\src\Illuminate\Routing\RouteDependencyResolverTrait.php(61): Illuminate\Routing\ControllerDispatcher->transformDependency(Object(ReflectionParameter), Array, Array)
#11 D:\xampp_5.6\htdocs\otw\vendor\laravel\framework\src\Illuminate\Routing\RouteDependencyResolverTrait.php(44): Illuminate\Routing\ControllerDispatcher->resolveMethodDependencies(Array, Object(ReflectionMethod))
#12 D:\xampp_5.6\htdocs\otw\vendor\laravel\framework\src\Illuminate\Routing\ControllerDispatcher.php(162): Illuminate\Routing\ControllerDispatcher->resolveClassMethodDependencies(Array, Object(App\Http\Controllers\AdminPhotoFrameController), 'store')
#13 D:\xampp_5.6\htdocs\otw\vendor\laravel\framework\src\Illuminate\Routing\ControllerDispatcher.php(112): Illuminate\Routing\ControllerDispatcher->call(Object(App\Http\Controllers\AdminPhotoFrameController), Object(Illuminate\Routing\Route), 'store')
#14 [internal function]: Illuminate\Routing\ControllerDispatcher->Illuminate\Routing\{closure}(Object(Illuminate\Http\Request))
#15 D:\xampp_5.6\htdocs\otw\vendor\laravel\framework\src\Illuminate\Pipeline\Pipeline.php(139): call_user_func(Object(Closure), Object(Illuminate\Http\Request))
#16 [internal function]: Illuminate\Pipeline\Pipeline->Illuminate\Pipeline\{closure}(Object(Illuminate\Http\Request))
#17 D:\xampp_5.6\htdocs\otw\vendor\laravel\framework\src\Illuminate\Pipeline\Pipeline.php(103): call_user_func(Object(Closure), Object(Illuminate\Http\Request))
#18 D:\xampp_5.6\htdocs\otw\vendor\laravel\framework\src\Illuminate\Routing\ControllerDispatcher.php(114): Illuminate\Pipeline\Pipeline->then(Object(Closure))
#19 D:\xampp_5.6\htdocs\otw\vendor\laravel\framework\src\Illuminate\Routing\ControllerDispatcher.php(69): Illuminate\Routing\ControllerDispatcher->callWithinStack(Object(App\Http\Controllers\AdminPhotoFrameController), Object(Illuminate\Routing\Route), Object(Illuminate\Http\Request), 'store')
#20 D:\xampp_5.6\htdocs\otw\vendor\laravel\framework\src\Illuminate\Routing\Route.php(203): Illuminate\Routing\ControllerDispatcher->dispatch(Object(Illuminate\Routing\Route), Object(Illuminate\Http\Request), 'App\\Http\\Contro...', 'store')
#21 D:\xampp_5.6\htdocs\otw\vendor\laravel\framework\src\Illuminate\Routing\Route.php(134): Illuminate\Routing\Route->runWithCustomDispatcher(Object(Illuminate\Http\Request))
#22 D:\xampp_5.6\htdocs\otw\vendor\laravel\framework\src\Illuminate\Routing\Router.php(708): Illuminate\Routing\Route->run(Object(Illuminate\Http\Request))
#23 [internal function]: Illuminate\Routing\Router->Illuminate\Routing\{closure}(Object(Illuminate\Http\Request))
#24 D:\xampp_5.6\htdocs\otw\vendor\laravel\framework\src\Illuminate\Pipeline\Pipeline.php(139): call_user_func(Object(Closure), Object(Illuminate\Http\Request))
#25 D:\xampp_5.6\htdocs\otw\app\Http\Middleware\Authenticate.php(48): Illuminate\Pipeline\Pipeline->Illuminate\Pipeline\{closure}(Object(Illuminate\Http\Request))
#26 [internal function]: App\Http\Middleware\Authenticate->handle(Object(Illuminate\Http\Request), Object(Closure))
#27 D:\xampp_5.6\htdocs\otw\vendor\laravel\framework\src\Illuminate\Pipeline\Pipeline.php(124): call_user_func_array(Array, Array)
#28 [internal function]: Illuminate\Pipeline\Pipeline->Illuminate\Pipeline\{closure}(Object(Illuminate\Http\Request))
#29 D:\xampp_5.6\htdocs\otw\vendor\laravel\framework\src\Illuminate\Pipeline\Pipeline.php(103): call_user_func(Object(Closure), Object(Illuminate\Http\Request))
#30 D:\xampp_5.6\htdocs\otw\vendor\laravel\framework\src\Illuminate\Routing\Router.php(710): Illuminate\Pipeline\Pipeline->then(Object(Closure))
#31 D:\xampp_5.6\htdocs\otw\vendor\laravel\framework\src\Illuminate\Routing\Router.php(675): Illuminate\Routing\Router->runRouteWithinStack(Object(Illuminate\Routing\Route), Object(Illuminate\Http\Request))
#32 D:\xampp_5.6\htdocs\otw\vendor\laravel\framework\src\Illuminate\Routing\Router.php(635): Illuminate\Routing\Router->dispatchToRoute(Object(Illuminate\Http\Request))
#33 D:\xampp_5.6\htdocs\otw\vendor\laravel\framework\src\Illuminate\Foundation\Http\Kernel.php(236): Illuminate\Routing\Router->dispatch(Object(Illuminate\Http\Request))
#34 [internal function]: Illuminate\Foundation\Http\Kernel->Illuminate\Foundation\Http\{closure}(Object(Illuminate\Http\Request))
#35 D:\xampp_5.6\htdocs\otw\vendor\laravel\framework\src\Illuminate\Pipeline\Pipeline.php(139): call_user_func(Object(Closure), Object(Illuminate\Http\Request))
#36 D:\xampp_5.6\htdocs\otw\vendor\laravel\framework\src\Illuminate\Foundation\Http\Middleware\VerifyCsrfToken.php(50): Illuminate\Pipeline\Pipeline->Illuminate\Pipeline\{closure}(Object(Illuminate\Http\Request))
#37 [internal function]: Illuminate\Foundation\Http\Middleware\VerifyCsrfToken->handle(Object(Illuminate\Http\Request), Object(Closure))
#38 D:\xampp_5.6\htdocs\otw\vendor\laravel\framework\src\Illuminate\Pipeline\Pipeline.php(124): call_user_func_array(Array, Array)
#39 D:\xampp_5.6\htdocs\otw\vendor\laravel\framework\src\Illuminate\View\Middleware\ShareErrorsFromSession.php(49): Illuminate\Pipeline\Pipeline->Illuminate\Pipeline\{closure}(Object(Illuminate\Http\Request))
#40 [internal function]: Illuminate\View\Middleware\ShareErrorsFromSession->handle(Object(Illuminate\Http\Request), Object(Closure))
#41 D:\xampp_5.6\htdocs\otw\vendor\laravel\framework\src\Illuminate\Pipeline\Pipeline.php(124): call_user_func_array(Array, Array)
#42 D:\xampp_5.6\htdocs\otw\vendor\laravel\framework\src\Illuminate\Session\Middleware\StartSession.php(62): Illuminate\Pipeline\Pipeline->Illuminate\Pipeline\{closure}(Object(Illuminate\Http\Request))
#43 [internal function]: Illuminate\Session\Middleware\StartSession->handle(Object(Illuminate\Http\Request), Object(Closure))
#44 D:\xampp_5.6\htdocs\otw\vendor\laravel\framework\src\Illuminate\Pipeline\Pipeline.php(124): call_user_func_array(Array, Array)
#45 D:\xampp_5.6\htdocs\otw\vendor\laravel\framework\src\Illuminate\Cookie\Middleware\AddQueuedCookiesToResponse.php(37): Illuminate\Pipeline\Pipeline->Illuminate\Pipeline\{closure}(Object(Illuminate\Http\Request))
#46 [internal function]: Illuminate\Cookie\Middleware\AddQueuedCookiesToResponse->handle(Object(Illuminate\Http\Request), Object(Closure))
#47 D:\xampp_5.6\htdocs\otw\vendor\laravel\framework\src\Illuminate\Pipeline\Pipeline.php(124): call_user_func_array(Array, Array)
#48 D:\xampp_5.6\htdocs\otw\vendor\laravel\framework\src\Illuminate\Cookie\Middleware\EncryptCookies.php(59): Illuminate\Pipeline\Pipeline->Illuminate\Pipeline\{closure}(Object(Illuminate\Http\Request))
#49 [internal function]: Illuminate\Cookie\Middleware\EncryptCookies->handle(Object(Illuminate\Http\Request), Object(Closure))
#50 D:\xampp_5.6\htdocs\otw\vendor\laravel\framework\src\Illuminate\Pipeline\Pipeline.php(124): call_user_func_array(Array, Array)
#51 D:\xampp_5.6\htdocs\otw\vendor\laravel\framework\src\Illuminate\Foundation\Http\Middleware\CheckForMaintenanceMode.php(44): Illuminate\Pipeline\Pipeline->Illuminate\Pipeline\{closure}(Object(Illuminate\Http\Request))
#52 [internal function]: Illuminate\Foundation\Http\Middleware\CheckForMaintenanceMode->handle(Object(Illuminate\Http\Request), Object(Closure))
#53 D:\xampp_5.6\htdocs\otw\vendor\laravel\framework\src\Illuminate\Pipeline\Pipeline.php(124): call_user_func_array(Array, Array)
#54 [internal function]: Illuminate\Pipeline\Pipeline->Illuminate\Pipeline\{closure}(Object(Illuminate\Http\Request))
#55 D:\xampp_5.6\htdocs\otw\vendor\laravel\framework\src\Illuminate\Pipeline\Pipeline.php(103): call_user_func(Object(Closure), Object(Illuminate\Http\Request))
#56 D:\xampp_5.6\htdocs\otw\vendor\laravel\framework\src\Illuminate\Foundation\Http\Kernel.php(122): Illuminate\Pipeline\Pipeline->then(Object(Closure))
#57 D:\xampp_5.6\htdocs\otw\vendor\laravel\framework\src\Illuminate\Foundation\Http\Kernel.php(87): Illuminate\Foundation\Http\Kernel->sendRequestThroughRouter(Object(Illuminate\Http\Request))
#58 D:\xampp_5.6\htdocs\otw\public\index.php(54): Illuminate\Foundation\Http\Kernel->handle(Object(Illuminate\Http\Request))
#59 {main}  
